
ROM used:   581/8192 (7%)
            581/8192 (7%) including unused fragments

            0.7 Average locations per line
            14.5 Average locations per statement

RAM used:   15/368 (4%) at main() level
            26/368 (7%) worst case

Stack used: 2 worst case (2 in main + 0 for interrupts)
Stack size: 8

Lines Stmts  %   Files
----- ----- ---  -----
   55    13  32  dht11_class_example.c
  674     0   0  ..\..\..\..\..\Program Files (x86)\PICC\Devices\16F877A.h
   56    27  68  dht11_class.c
----- -----
  785    40 Total

Page ROM  %  RAM    Vol Diff  Functions:
---- --- --- ---    --- ----  ----------
0     21   4    1             @delay_ms1
0     13   2    1     67  2.5  dht11_init
 Inline         4    446  8.3  get_bytes
0    190  33    8    787 10.1  dht11_read
0    175  30    9    755  4.5  MAIN
0     21   4    3             @DIV88
0     56  10    2             @PRINTF_U_9600_62_63
0     10   2    0             @const624
0     91  16    5             @PSTRINGCN7_9600_62_63
 Inline         0             @cinit1

Program metrics:
    Functions               4
    Statements              40
    Comments                135
    Volume (V)              2718
    Difficulty (D)          23.4
    Effort to implement (E) 63478
    Time to implement (T)   59 minutes
    Est Delivered Bugs (B)  1
    Cyclomatic Complexity   2
    Maintainability (MI)    120

 Segment     Used  Free
-----------  ----  ----
00000-00003     4  0  
00004-007FF   577  1467  
00800-00FFF     0  2048  
01000-017FF     0  2048  
01800-01FFF     0  2048  



